ERROR - 2025-06-08 06:54:30 --> Error connecting to the database: mysqli_sql_exception: Access denied for user ''@'localhost' (using password: NO) in D:\xampp\htdocs\Sistem_pencarian\system\Database\MySQLi\Connection.php:201
Stack trace:
#0 D:\xampp\htdocs\Sistem_pencarian\system\Database\MySQLi\Connection.php(201): mysqli->real_connect('localhost', '', Object(SensitiveParameterValue), '', 3306, '', 0)
#1 D:\xampp\htdocs\Sistem_pencarian\system\Database\BaseConnection.php(421): CodeIgniter\Database\MySQLi\Connection->connect(false)
#2 D:\xampp\htdocs\Sistem_pencarian\system\Database\BaseConnection.php(620): CodeIgniter\Database\BaseConnection->initialize()
#3 D:\xampp\htdocs\Sistem_pencarian\system\Database\BaseBuilder.php(1649): CodeIgniter\Database\BaseConnection->query('SELECT *\nFROM `...', Array, false)
#4 D:\xampp\htdocs\Sistem_pencarian\system\Model.php(286): CodeIgniter\Database\BaseBuilder->get()
#5 D:\xampp\htdocs\Sistem_pencarian\system\BaseModel.php(679): CodeIgniter\Model->doFindAll(0, 0)
#6 D:\xampp\htdocs\Sistem_pencarian\app\Models\SearchModel.php(13): CodeIgniter\BaseModel->findAll()
#7 D:\xampp\htdocs\Sistem_pencarian\app\Controllers\Search.php(16): App\Models\SearchModel->search('elektro')
#8 D:\xampp\htdocs\Sistem_pencarian\system\CodeIgniter.php(933): App\Controllers\Search->result()
#9 D:\xampp\htdocs\Sistem_pencarian\system\CodeIgniter.php(507): CodeIgniter\CodeIgniter->runController(Object(App\Controllers\Search))
#10 D:\xampp\htdocs\Sistem_pencarian\system\CodeIgniter.php(354): CodeIgniter\CodeIgniter->handleRequest(NULL, Object(Config\Cache), false)
#11 D:\xampp\htdocs\Sistem_pencarian\system\Boot.php(334): CodeIgniter\CodeIgniter->run()
#12 D:\xampp\htdocs\Sistem_pencarian\system\Boot.php(67): CodeIgniter\Boot::runCodeIgniter(Object(CodeIgniter\CodeIgniter))
#13 D:\xampp\htdocs\Sistem_pencarian\public\index.php(59): CodeIgniter\Boot::bootWeb(Object(Config\Paths))
#14 D:\xampp\htdocs\Sistem_pencarian\system\rewrite.php(44): require_once('D:\\xampp\\htdocs...')
#15 {main}

Next CodeIgniter\Database\Exceptions\DatabaseException: Access denied for user ''@'localhost' (using password: NO) in D:\xampp\htdocs\Sistem_pencarian\system\Database\MySQLi\Connection.php:246
Stack trace:
#0 D:\xampp\htdocs\Sistem_pencarian\system\Database\BaseConnection.php(421): CodeIgniter\Database\MySQLi\Connection->connect(false)
#1 D:\xampp\htdocs\Sistem_pencarian\system\Database\BaseConnection.php(620): CodeIgniter\Database\BaseConnection->initialize()
#2 D:\xampp\htdocs\Sistem_pencarian\system\Database\BaseBuilder.php(1649): CodeIgniter\Database\BaseConnection->query('SELECT *\nFROM `...', Array, false)
#3 D:\xampp\htdocs\Sistem_pencarian\system\Model.php(286): CodeIgniter\Database\BaseBuilder->get()
#4 D:\xampp\htdocs\Sistem_pencarian\system\BaseModel.php(679): CodeIgniter\Model->doFindAll(0, 0)
#5 D:\xampp\htdocs\Sistem_pencarian\app\Models\SearchModel.php(13): CodeIgniter\BaseModel->findAll()
#6 D:\xampp\htdocs\Sistem_pencarian\app\Controllers\Search.php(16): App\Models\SearchModel->search('elektro')
#7 D:\xampp\htdocs\Sistem_pencarian\system\CodeIgniter.php(933): App\Controllers\Search->result()
#8 D:\xampp\htdocs\Sistem_pencarian\system\CodeIgniter.php(507): CodeIgniter\CodeIgniter->runController(Object(App\Controllers\Search))
#9 D:\xampp\htdocs\Sistem_pencarian\system\CodeIgniter.php(354): CodeIgniter\CodeIgniter->handleRequest(NULL, Object(Config\Cache), false)
#10 D:\xampp\htdocs\Sistem_pencarian\system\Boot.php(334): CodeIgniter\CodeIgniter->run()
#11 D:\xampp\htdocs\Sistem_pencarian\system\Boot.php(67): CodeIgniter\Boot::runCodeIgniter(Object(CodeIgniter\CodeIgniter))
#12 D:\xampp\htdocs\Sistem_pencarian\public\index.php(59): CodeIgniter\Boot::bootWeb(Object(Config\Paths))
#13 D:\xampp\htdocs\Sistem_pencarian\system\rewrite.php(44): require_once('D:\\xampp\\htdocs...')
#14 {main}
CRITICAL - 2025-06-08 06:54:30 --> CodeIgniter\Database\Exceptions\DatabaseException: Unable to connect to the database.
Main connection [MySQLi]: Access denied for user ''@'localhost' (using password: NO)
[Method: POST, Route: search/result]
in SYSTEMPATH\Database\BaseConnection.php on line 467.
 1 SYSTEMPATH\Database\BaseConnection.php(620): CodeIgniter\Database\BaseConnection->initialize()
 2 SYSTEMPATH\Database\BaseBuilder.php(1649): CodeIgniter\Database\BaseConnection->query('SELECT *
FROM `crawler`
WHERE `content` LIKE :content: ESCAPE \'!\'', [...], false)
 3 SYSTEMPATH\Model.php(286): CodeIgniter\Database\BaseBuilder->get()
 4 SYSTEMPATH\BaseModel.php(679): CodeIgniter\Model->doFindAll(0, 0)
 5 APPPATH\Models\SearchModel.php(13): CodeIgniter\BaseModel->findAll()
 6 APPPATH\Controllers\Search.php(16): App\Models\SearchModel->search('elektro')
 7 SYSTEMPATH\CodeIgniter.php(933): App\Controllers\Search->result()
 8 SYSTEMPATH\CodeIgniter.php(507): CodeIgniter\CodeIgniter->runController(Object(App\Controllers\Search))
 9 SYSTEMPATH\CodeIgniter.php(354): CodeIgniter\CodeIgniter->handleRequest(null, Object(Config\Cache), false)
10 SYSTEMPATH\Boot.php(334): CodeIgniter\CodeIgniter->run()
11 SYSTEMPATH\Boot.php(67): CodeIgniter\Boot::runCodeIgniter(Object(CodeIgniter\CodeIgniter))
12 FCPATH\index.php(59): CodeIgniter\Boot::bootWeb(Object(Config\Paths))
13 SYSTEMPATH\rewrite.php(44): require_once('D:\\xampp\\htdocs\\Sistem_pencarian\\public\\index.php')
ERROR - 2025-06-08 06:56:58 --> Error connecting to the database: mysqli_sql_exception: Access denied for user ''@'localhost' (using password: NO) in D:\xampp\htdocs\Sistem_pencarian\system\Database\MySQLi\Connection.php:201
Stack trace:
#0 D:\xampp\htdocs\Sistem_pencarian\system\Database\MySQLi\Connection.php(201): mysqli->real_connect('localhost', '', Object(SensitiveParameterValue), '', 3306, '', 0)
#1 D:\xampp\htdocs\Sistem_pencarian\system\Database\BaseConnection.php(421): CodeIgniter\Database\MySQLi\Connection->connect(false)
#2 D:\xampp\htdocs\Sistem_pencarian\system\Database\BaseConnection.php(620): CodeIgniter\Database\BaseConnection->initialize()
#3 D:\xampp\htdocs\Sistem_pencarian\system\Database\BaseBuilder.php(1649): CodeIgniter\Database\BaseConnection->query('SELECT *\nFROM `...', Array, false)
#4 D:\xampp\htdocs\Sistem_pencarian\system\Model.php(286): CodeIgniter\Database\BaseBuilder->get()
#5 D:\xampp\htdocs\Sistem_pencarian\system\BaseModel.php(679): CodeIgniter\Model->doFindAll(0, 0)
#6 D:\xampp\htdocs\Sistem_pencarian\app\Models\SearchModel.php(13): CodeIgniter\BaseModel->findAll()
#7 D:\xampp\htdocs\Sistem_pencarian\app\Controllers\Search.php(16): App\Models\SearchModel->search('elektro')
#8 D:\xampp\htdocs\Sistem_pencarian\system\CodeIgniter.php(933): App\Controllers\Search->result()
#9 D:\xampp\htdocs\Sistem_pencarian\system\CodeIgniter.php(507): CodeIgniter\CodeIgniter->runController(Object(App\Controllers\Search))
#10 D:\xampp\htdocs\Sistem_pencarian\system\CodeIgniter.php(354): CodeIgniter\CodeIgniter->handleRequest(NULL, Object(Config\Cache), false)
#11 D:\xampp\htdocs\Sistem_pencarian\system\Boot.php(334): CodeIgniter\CodeIgniter->run()
#12 D:\xampp\htdocs\Sistem_pencarian\system\Boot.php(67): CodeIgniter\Boot::runCodeIgniter(Object(CodeIgniter\CodeIgniter))
#13 D:\xampp\htdocs\Sistem_pencarian\public\index.php(59): CodeIgniter\Boot::bootWeb(Object(Config\Paths))
#14 D:\xampp\htdocs\Sistem_pencarian\system\rewrite.php(44): require_once('D:\\xampp\\htdocs...')
#15 {main}

Next CodeIgniter\Database\Exceptions\DatabaseException: Access denied for user ''@'localhost' (using password: NO) in D:\xampp\htdocs\Sistem_pencarian\system\Database\MySQLi\Connection.php:246
Stack trace:
#0 D:\xampp\htdocs\Sistem_pencarian\system\Database\BaseConnection.php(421): CodeIgniter\Database\MySQLi\Connection->connect(false)
#1 D:\xampp\htdocs\Sistem_pencarian\system\Database\BaseConnection.php(620): CodeIgniter\Database\BaseConnection->initialize()
#2 D:\xampp\htdocs\Sistem_pencarian\system\Database\BaseBuilder.php(1649): CodeIgniter\Database\BaseConnection->query('SELECT *\nFROM `...', Array, false)
#3 D:\xampp\htdocs\Sistem_pencarian\system\Model.php(286): CodeIgniter\Database\BaseBuilder->get()
#4 D:\xampp\htdocs\Sistem_pencarian\system\BaseModel.php(679): CodeIgniter\Model->doFindAll(0, 0)
#5 D:\xampp\htdocs\Sistem_pencarian\app\Models\SearchModel.php(13): CodeIgniter\BaseModel->findAll()
#6 D:\xampp\htdocs\Sistem_pencarian\app\Controllers\Search.php(16): App\Models\SearchModel->search('elektro')
#7 D:\xampp\htdocs\Sistem_pencarian\system\CodeIgniter.php(933): App\Controllers\Search->result()
#8 D:\xampp\htdocs\Sistem_pencarian\system\CodeIgniter.php(507): CodeIgniter\CodeIgniter->runController(Object(App\Controllers\Search))
#9 D:\xampp\htdocs\Sistem_pencarian\system\CodeIgniter.php(354): CodeIgniter\CodeIgniter->handleRequest(NULL, Object(Config\Cache), false)
#10 D:\xampp\htdocs\Sistem_pencarian\system\Boot.php(334): CodeIgniter\CodeIgniter->run()
#11 D:\xampp\htdocs\Sistem_pencarian\system\Boot.php(67): CodeIgniter\Boot::runCodeIgniter(Object(CodeIgniter\CodeIgniter))
#12 D:\xampp\htdocs\Sistem_pencarian\public\index.php(59): CodeIgniter\Boot::bootWeb(Object(Config\Paths))
#13 D:\xampp\htdocs\Sistem_pencarian\system\rewrite.php(44): require_once('D:\\xampp\\htdocs...')
#14 {main}
CRITICAL - 2025-06-08 06:56:58 --> CodeIgniter\Database\Exceptions\DatabaseException: Unable to connect to the database.
Main connection [MySQLi]: Access denied for user ''@'localhost' (using password: NO)
[Method: POST, Route: search/result]
in SYSTEMPATH\Database\BaseConnection.php on line 467.
 1 SYSTEMPATH\Database\BaseConnection.php(620): CodeIgniter\Database\BaseConnection->initialize()
 2 SYSTEMPATH\Database\BaseBuilder.php(1649): CodeIgniter\Database\BaseConnection->query('SELECT *
FROM `crawler`
WHERE `content` LIKE :content: ESCAPE \'!\'', [...], false)
 3 SYSTEMPATH\Model.php(286): CodeIgniter\Database\BaseBuilder->get()
 4 SYSTEMPATH\BaseModel.php(679): CodeIgniter\Model->doFindAll(0, 0)
 5 APPPATH\Models\SearchModel.php(13): CodeIgniter\BaseModel->findAll()
 6 APPPATH\Controllers\Search.php(16): App\Models\SearchModel->search('elektro')
 7 SYSTEMPATH\CodeIgniter.php(933): App\Controllers\Search->result()
 8 SYSTEMPATH\CodeIgniter.php(507): CodeIgniter\CodeIgniter->runController(Object(App\Controllers\Search))
 9 SYSTEMPATH\CodeIgniter.php(354): CodeIgniter\CodeIgniter->handleRequest(null, Object(Config\Cache), false)
10 SYSTEMPATH\Boot.php(334): CodeIgniter\CodeIgniter->run()
11 SYSTEMPATH\Boot.php(67): CodeIgniter\Boot::runCodeIgniter(Object(CodeIgniter\CodeIgniter))
12 FCPATH\index.php(59): CodeIgniter\Boot::bootWeb(Object(Config\Paths))
13 SYSTEMPATH\rewrite.php(44): require_once('D:\\xampp\\htdocs\\Sistem_pencarian\\public\\index.php')
ERROR - 2025-06-08 06:57:01 --> Error connecting to the database: mysqli_sql_exception: Access denied for user ''@'localhost' (using password: NO) in D:\xampp\htdocs\Sistem_pencarian\system\Database\MySQLi\Connection.php:201
Stack trace:
#0 D:\xampp\htdocs\Sistem_pencarian\system\Database\MySQLi\Connection.php(201): mysqli->real_connect('localhost', '', Object(SensitiveParameterValue), '', 3306, '', 0)
#1 D:\xampp\htdocs\Sistem_pencarian\system\Database\BaseConnection.php(421): CodeIgniter\Database\MySQLi\Connection->connect(false)
#2 D:\xampp\htdocs\Sistem_pencarian\system\Database\BaseConnection.php(620): CodeIgniter\Database\BaseConnection->initialize()
#3 D:\xampp\htdocs\Sistem_pencarian\system\Database\BaseBuilder.php(1649): CodeIgniter\Database\BaseConnection->query('SELECT *\nFROM `...', Array, false)
#4 D:\xampp\htdocs\Sistem_pencarian\system\Model.php(286): CodeIgniter\Database\BaseBuilder->get()
#5 D:\xampp\htdocs\Sistem_pencarian\system\BaseModel.php(679): CodeIgniter\Model->doFindAll(0, 0)
#6 D:\xampp\htdocs\Sistem_pencarian\app\Models\SearchModel.php(13): CodeIgniter\BaseModel->findAll()
#7 D:\xampp\htdocs\Sistem_pencarian\app\Controllers\Search.php(16): App\Models\SearchModel->search('elektro')
#8 D:\xampp\htdocs\Sistem_pencarian\system\CodeIgniter.php(933): App\Controllers\Search->result()
#9 D:\xampp\htdocs\Sistem_pencarian\system\CodeIgniter.php(507): CodeIgniter\CodeIgniter->runController(Object(App\Controllers\Search))
#10 D:\xampp\htdocs\Sistem_pencarian\system\CodeIgniter.php(354): CodeIgniter\CodeIgniter->handleRequest(NULL, Object(Config\Cache), false)
#11 D:\xampp\htdocs\Sistem_pencarian\system\Boot.php(334): CodeIgniter\CodeIgniter->run()
#12 D:\xampp\htdocs\Sistem_pencarian\system\Boot.php(67): CodeIgniter\Boot::runCodeIgniter(Object(CodeIgniter\CodeIgniter))
#13 D:\xampp\htdocs\Sistem_pencarian\public\index.php(59): CodeIgniter\Boot::bootWeb(Object(Config\Paths))
#14 D:\xampp\htdocs\Sistem_pencarian\system\rewrite.php(44): require_once('D:\\xampp\\htdocs...')
#15 {main}

Next CodeIgniter\Database\Exceptions\DatabaseException: Access denied for user ''@'localhost' (using password: NO) in D:\xampp\htdocs\Sistem_pencarian\system\Database\MySQLi\Connection.php:246
Stack trace:
#0 D:\xampp\htdocs\Sistem_pencarian\system\Database\BaseConnection.php(421): CodeIgniter\Database\MySQLi\Connection->connect(false)
#1 D:\xampp\htdocs\Sistem_pencarian\system\Database\BaseConnection.php(620): CodeIgniter\Database\BaseConnection->initialize()
#2 D:\xampp\htdocs\Sistem_pencarian\system\Database\BaseBuilder.php(1649): CodeIgniter\Database\BaseConnection->query('SELECT *\nFROM `...', Array, false)
#3 D:\xampp\htdocs\Sistem_pencarian\system\Model.php(286): CodeIgniter\Database\BaseBuilder->get()
#4 D:\xampp\htdocs\Sistem_pencarian\system\BaseModel.php(679): CodeIgniter\Model->doFindAll(0, 0)
#5 D:\xampp\htdocs\Sistem_pencarian\app\Models\SearchModel.php(13): CodeIgniter\BaseModel->findAll()
#6 D:\xampp\htdocs\Sistem_pencarian\app\Controllers\Search.php(16): App\Models\SearchModel->search('elektro')
#7 D:\xampp\htdocs\Sistem_pencarian\system\CodeIgniter.php(933): App\Controllers\Search->result()
#8 D:\xampp\htdocs\Sistem_pencarian\system\CodeIgniter.php(507): CodeIgniter\CodeIgniter->runController(Object(App\Controllers\Search))
#9 D:\xampp\htdocs\Sistem_pencarian\system\CodeIgniter.php(354): CodeIgniter\CodeIgniter->handleRequest(NULL, Object(Config\Cache), false)
#10 D:\xampp\htdocs\Sistem_pencarian\system\Boot.php(334): CodeIgniter\CodeIgniter->run()
#11 D:\xampp\htdocs\Sistem_pencarian\system\Boot.php(67): CodeIgniter\Boot::runCodeIgniter(Object(CodeIgniter\CodeIgniter))
#12 D:\xampp\htdocs\Sistem_pencarian\public\index.php(59): CodeIgniter\Boot::bootWeb(Object(Config\Paths))
#13 D:\xampp\htdocs\Sistem_pencarian\system\rewrite.php(44): require_once('D:\\xampp\\htdocs...')
#14 {main}
CRITICAL - 2025-06-08 06:57:01 --> CodeIgniter\Database\Exceptions\DatabaseException: Unable to connect to the database.
Main connection [MySQLi]: Access denied for user ''@'localhost' (using password: NO)
[Method: POST, Route: search/result]
in SYSTEMPATH\Database\BaseConnection.php on line 467.
 1 SYSTEMPATH\Database\BaseConnection.php(620): CodeIgniter\Database\BaseConnection->initialize()
 2 SYSTEMPATH\Database\BaseBuilder.php(1649): CodeIgniter\Database\BaseConnection->query('SELECT *
FROM `crawler`
WHERE `content` LIKE :content: ESCAPE \'!\'', [...], false)
 3 SYSTEMPATH\Model.php(286): CodeIgniter\Database\BaseBuilder->get()
 4 SYSTEMPATH\BaseModel.php(679): CodeIgniter\Model->doFindAll(0, 0)
 5 APPPATH\Models\SearchModel.php(13): CodeIgniter\BaseModel->findAll()
 6 APPPATH\Controllers\Search.php(16): App\Models\SearchModel->search('elektro')
 7 SYSTEMPATH\CodeIgniter.php(933): App\Controllers\Search->result()
 8 SYSTEMPATH\CodeIgniter.php(507): CodeIgniter\CodeIgniter->runController(Object(App\Controllers\Search))
 9 SYSTEMPATH\CodeIgniter.php(354): CodeIgniter\CodeIgniter->handleRequest(null, Object(Config\Cache), false)
10 SYSTEMPATH\Boot.php(334): CodeIgniter\CodeIgniter->run()
11 SYSTEMPATH\Boot.php(67): CodeIgniter\Boot::runCodeIgniter(Object(CodeIgniter\CodeIgniter))
12 FCPATH\index.php(59): CodeIgniter\Boot::bootWeb(Object(Config\Paths))
13 SYSTEMPATH\rewrite.php(44): require_once('D:\\xampp\\htdocs\\Sistem_pencarian\\public\\index.php')
ERROR - 2025-06-08 06:57:04 --> Error connecting to the database: mysqli_sql_exception: Access denied for user ''@'localhost' (using password: NO) in D:\xampp\htdocs\Sistem_pencarian\system\Database\MySQLi\Connection.php:201
Stack trace:
#0 D:\xampp\htdocs\Sistem_pencarian\system\Database\MySQLi\Connection.php(201): mysqli->real_connect('localhost', '', Object(SensitiveParameterValue), '', 3306, '', 0)
#1 D:\xampp\htdocs\Sistem_pencarian\system\Database\BaseConnection.php(421): CodeIgniter\Database\MySQLi\Connection->connect(false)
#2 D:\xampp\htdocs\Sistem_pencarian\system\Database\BaseConnection.php(620): CodeIgniter\Database\BaseConnection->initialize()
#3 D:\xampp\htdocs\Sistem_pencarian\system\Database\BaseBuilder.php(1649): CodeIgniter\Database\BaseConnection->query('SELECT *\nFROM `...', Array, false)
#4 D:\xampp\htdocs\Sistem_pencarian\system\Model.php(286): CodeIgniter\Database\BaseBuilder->get()
#5 D:\xampp\htdocs\Sistem_pencarian\system\BaseModel.php(679): CodeIgniter\Model->doFindAll(0, 0)
#6 D:\xampp\htdocs\Sistem_pencarian\app\Models\SearchModel.php(13): CodeIgniter\BaseModel->findAll()
#7 D:\xampp\htdocs\Sistem_pencarian\app\Controllers\Search.php(16): App\Models\SearchModel->search('elektro')
#8 D:\xampp\htdocs\Sistem_pencarian\system\CodeIgniter.php(933): App\Controllers\Search->result()
#9 D:\xampp\htdocs\Sistem_pencarian\system\CodeIgniter.php(507): CodeIgniter\CodeIgniter->runController(Object(App\Controllers\Search))
#10 D:\xampp\htdocs\Sistem_pencarian\system\CodeIgniter.php(354): CodeIgniter\CodeIgniter->handleRequest(NULL, Object(Config\Cache), false)
#11 D:\xampp\htdocs\Sistem_pencarian\system\Boot.php(334): CodeIgniter\CodeIgniter->run()
#12 D:\xampp\htdocs\Sistem_pencarian\system\Boot.php(67): CodeIgniter\Boot::runCodeIgniter(Object(CodeIgniter\CodeIgniter))
#13 D:\xampp\htdocs\Sistem_pencarian\public\index.php(59): CodeIgniter\Boot::bootWeb(Object(Config\Paths))
#14 D:\xampp\htdocs\Sistem_pencarian\system\rewrite.php(44): require_once('D:\\xampp\\htdocs...')
#15 {main}

Next CodeIgniter\Database\Exceptions\DatabaseException: Access denied for user ''@'localhost' (using password: NO) in D:\xampp\htdocs\Sistem_pencarian\system\Database\MySQLi\Connection.php:246
Stack trace:
#0 D:\xampp\htdocs\Sistem_pencarian\system\Database\BaseConnection.php(421): CodeIgniter\Database\MySQLi\Connection->connect(false)
#1 D:\xampp\htdocs\Sistem_pencarian\system\Database\BaseConnection.php(620): CodeIgniter\Database\BaseConnection->initialize()
#2 D:\xampp\htdocs\Sistem_pencarian\system\Database\BaseBuilder.php(1649): CodeIgniter\Database\BaseConnection->query('SELECT *\nFROM `...', Array, false)
#3 D:\xampp\htdocs\Sistem_pencarian\system\Model.php(286): CodeIgniter\Database\BaseBuilder->get()
#4 D:\xampp\htdocs\Sistem_pencarian\system\BaseModel.php(679): CodeIgniter\Model->doFindAll(0, 0)
#5 D:\xampp\htdocs\Sistem_pencarian\app\Models\SearchModel.php(13): CodeIgniter\BaseModel->findAll()
#6 D:\xampp\htdocs\Sistem_pencarian\app\Controllers\Search.php(16): App\Models\SearchModel->search('elektro')
#7 D:\xampp\htdocs\Sistem_pencarian\system\CodeIgniter.php(933): App\Controllers\Search->result()
#8 D:\xampp\htdocs\Sistem_pencarian\system\CodeIgniter.php(507): CodeIgniter\CodeIgniter->runController(Object(App\Controllers\Search))
#9 D:\xampp\htdocs\Sistem_pencarian\system\CodeIgniter.php(354): CodeIgniter\CodeIgniter->handleRequest(NULL, Object(Config\Cache), false)
#10 D:\xampp\htdocs\Sistem_pencarian\system\Boot.php(334): CodeIgniter\CodeIgniter->run()
#11 D:\xampp\htdocs\Sistem_pencarian\system\Boot.php(67): CodeIgniter\Boot::runCodeIgniter(Object(CodeIgniter\CodeIgniter))
#12 D:\xampp\htdocs\Sistem_pencarian\public\index.php(59): CodeIgniter\Boot::bootWeb(Object(Config\Paths))
#13 D:\xampp\htdocs\Sistem_pencarian\system\rewrite.php(44): require_once('D:\\xampp\\htdocs...')
#14 {main}
CRITICAL - 2025-06-08 06:57:04 --> CodeIgniter\Database\Exceptions\DatabaseException: Unable to connect to the database.
Main connection [MySQLi]: Access denied for user ''@'localhost' (using password: NO)
[Method: POST, Route: search/result]
in SYSTEMPATH\Database\BaseConnection.php on line 467.
 1 SYSTEMPATH\Database\BaseConnection.php(620): CodeIgniter\Database\BaseConnection->initialize()
 2 SYSTEMPATH\Database\BaseBuilder.php(1649): CodeIgniter\Database\BaseConnection->query('SELECT *
FROM `crawler`
WHERE `content` LIKE :content: ESCAPE \'!\'', [...], false)
 3 SYSTEMPATH\Model.php(286): CodeIgniter\Database\BaseBuilder->get()
 4 SYSTEMPATH\BaseModel.php(679): CodeIgniter\Model->doFindAll(0, 0)
 5 APPPATH\Models\SearchModel.php(13): CodeIgniter\BaseModel->findAll()
 6 APPPATH\Controllers\Search.php(16): App\Models\SearchModel->search('elektro')
 7 SYSTEMPATH\CodeIgniter.php(933): App\Controllers\Search->result()
 8 SYSTEMPATH\CodeIgniter.php(507): CodeIgniter\CodeIgniter->runController(Object(App\Controllers\Search))
 9 SYSTEMPATH\CodeIgniter.php(354): CodeIgniter\CodeIgniter->handleRequest(null, Object(Config\Cache), false)
10 SYSTEMPATH\Boot.php(334): CodeIgniter\CodeIgniter->run()
11 SYSTEMPATH\Boot.php(67): CodeIgniter\Boot::runCodeIgniter(Object(CodeIgniter\CodeIgniter))
12 FCPATH\index.php(59): CodeIgniter\Boot::bootWeb(Object(Config\Paths))
13 SYSTEMPATH\rewrite.php(44): require_once('D:\\xampp\\htdocs\\Sistem_pencarian\\public\\index.php')
ERROR - 2025-06-08 06:59:28 --> Error connecting to the database: mysqli_sql_exception: Access denied for user ''@'localhost' (using password: NO) in D:\xampp\htdocs\Sistem_pencarian\system\Database\MySQLi\Connection.php:201
Stack trace:
#0 D:\xampp\htdocs\Sistem_pencarian\system\Database\MySQLi\Connection.php(201): mysqli->real_connect('localhost', '', Object(SensitiveParameterValue), '', 3306, '', 0)
#1 D:\xampp\htdocs\Sistem_pencarian\system\Database\BaseConnection.php(421): CodeIgniter\Database\MySQLi\Connection->connect(false)
#2 D:\xampp\htdocs\Sistem_pencarian\system\Database\BaseConnection.php(620): CodeIgniter\Database\BaseConnection->initialize()
#3 D:\xampp\htdocs\Sistem_pencarian\system\Database\BaseBuilder.php(1649): CodeIgniter\Database\BaseConnection->query('SELECT *\nFROM `...', Array, false)
#4 D:\xampp\htdocs\Sistem_pencarian\system\Model.php(286): CodeIgniter\Database\BaseBuilder->get()
#5 D:\xampp\htdocs\Sistem_pencarian\system\BaseModel.php(679): CodeIgniter\Model->doFindAll(0, 0)
#6 D:\xampp\htdocs\Sistem_pencarian\app\Models\SearchModel.php(13): CodeIgniter\BaseModel->findAll()
#7 D:\xampp\htdocs\Sistem_pencarian\app\Controllers\Search.php(16): App\Models\SearchModel->search('elektro')
#8 D:\xampp\htdocs\Sistem_pencarian\system\CodeIgniter.php(933): App\Controllers\Search->result()
#9 D:\xampp\htdocs\Sistem_pencarian\system\CodeIgniter.php(507): CodeIgniter\CodeIgniter->runController(Object(App\Controllers\Search))
#10 D:\xampp\htdocs\Sistem_pencarian\system\CodeIgniter.php(354): CodeIgniter\CodeIgniter->handleRequest(NULL, Object(Config\Cache), false)
#11 D:\xampp\htdocs\Sistem_pencarian\system\Boot.php(334): CodeIgniter\CodeIgniter->run()
#12 D:\xampp\htdocs\Sistem_pencarian\system\Boot.php(67): CodeIgniter\Boot::runCodeIgniter(Object(CodeIgniter\CodeIgniter))
#13 D:\xampp\htdocs\Sistem_pencarian\public\index.php(59): CodeIgniter\Boot::bootWeb(Object(Config\Paths))
#14 D:\xampp\htdocs\Sistem_pencarian\system\rewrite.php(44): require_once('D:\\xampp\\htdocs...')
#15 {main}

Next CodeIgniter\Database\Exceptions\DatabaseException: Access denied for user ''@'localhost' (using password: NO) in D:\xampp\htdocs\Sistem_pencarian\system\Database\MySQLi\Connection.php:246
Stack trace:
#0 D:\xampp\htdocs\Sistem_pencarian\system\Database\BaseConnection.php(421): CodeIgniter\Database\MySQLi\Connection->connect(false)
#1 D:\xampp\htdocs\Sistem_pencarian\system\Database\BaseConnection.php(620): CodeIgniter\Database\BaseConnection->initialize()
#2 D:\xampp\htdocs\Sistem_pencarian\system\Database\BaseBuilder.php(1649): CodeIgniter\Database\BaseConnection->query('SELECT *\nFROM `...', Array, false)
#3 D:\xampp\htdocs\Sistem_pencarian\system\Model.php(286): CodeIgniter\Database\BaseBuilder->get()
#4 D:\xampp\htdocs\Sistem_pencarian\system\BaseModel.php(679): CodeIgniter\Model->doFindAll(0, 0)
#5 D:\xampp\htdocs\Sistem_pencarian\app\Models\SearchModel.php(13): CodeIgniter\BaseModel->findAll()
#6 D:\xampp\htdocs\Sistem_pencarian\app\Controllers\Search.php(16): App\Models\SearchModel->search('elektro')
#7 D:\xampp\htdocs\Sistem_pencarian\system\CodeIgniter.php(933): App\Controllers\Search->result()
#8 D:\xampp\htdocs\Sistem_pencarian\system\CodeIgniter.php(507): CodeIgniter\CodeIgniter->runController(Object(App\Controllers\Search))
#9 D:\xampp\htdocs\Sistem_pencarian\system\CodeIgniter.php(354): CodeIgniter\CodeIgniter->handleRequest(NULL, Object(Config\Cache), false)
#10 D:\xampp\htdocs\Sistem_pencarian\system\Boot.php(334): CodeIgniter\CodeIgniter->run()
#11 D:\xampp\htdocs\Sistem_pencarian\system\Boot.php(67): CodeIgniter\Boot::runCodeIgniter(Object(CodeIgniter\CodeIgniter))
#12 D:\xampp\htdocs\Sistem_pencarian\public\index.php(59): CodeIgniter\Boot::bootWeb(Object(Config\Paths))
#13 D:\xampp\htdocs\Sistem_pencarian\system\rewrite.php(44): require_once('D:\\xampp\\htdocs...')
#14 {main}
CRITICAL - 2025-06-08 06:59:28 --> CodeIgniter\Database\Exceptions\DatabaseException: Unable to connect to the database.
Main connection [MySQLi]: Access denied for user ''@'localhost' (using password: NO)
[Method: POST, Route: search/result]
in SYSTEMPATH\Database\BaseConnection.php on line 467.
 1 SYSTEMPATH\Database\BaseConnection.php(620): CodeIgniter\Database\BaseConnection->initialize()
 2 SYSTEMPATH\Database\BaseBuilder.php(1649): CodeIgniter\Database\BaseConnection->query('SELECT *
FROM `crawler`
WHERE `content` LIKE :content: ESCAPE \'!\'', [...], false)
 3 SYSTEMPATH\Model.php(286): CodeIgniter\Database\BaseBuilder->get()
 4 SYSTEMPATH\BaseModel.php(679): CodeIgniter\Model->doFindAll(0, 0)
 5 APPPATH\Models\SearchModel.php(13): CodeIgniter\BaseModel->findAll()
 6 APPPATH\Controllers\Search.php(16): App\Models\SearchModel->search('elektro')
 7 SYSTEMPATH\CodeIgniter.php(933): App\Controllers\Search->result()
 8 SYSTEMPATH\CodeIgniter.php(507): CodeIgniter\CodeIgniter->runController(Object(App\Controllers\Search))
 9 SYSTEMPATH\CodeIgniter.php(354): CodeIgniter\CodeIgniter->handleRequest(null, Object(Config\Cache), false)
10 SYSTEMPATH\Boot.php(334): CodeIgniter\CodeIgniter->run()
11 SYSTEMPATH\Boot.php(67): CodeIgniter\Boot::runCodeIgniter(Object(CodeIgniter\CodeIgniter))
12 FCPATH\index.php(59): CodeIgniter\Boot::bootWeb(Object(Config\Paths))
13 SYSTEMPATH\rewrite.php(44): require_once('D:\\xampp\\htdocs\\Sistem_pencarian\\public\\index.php')
ERROR - 2025-06-08 07:03:44 --> Error connecting to the database: mysqli_sql_exception: Access denied for user ''@'localhost' (using password: NO) in D:\xampp\htdocs\Sistem_pencarian\system\Database\MySQLi\Connection.php:201
Stack trace:
#0 D:\xampp\htdocs\Sistem_pencarian\system\Database\MySQLi\Connection.php(201): mysqli->real_connect('localhost', '', Object(SensitiveParameterValue), '', 3306, '', 0)
#1 D:\xampp\htdocs\Sistem_pencarian\system\Database\BaseConnection.php(421): CodeIgniter\Database\MySQLi\Connection->connect(false)
#2 D:\xampp\htdocs\Sistem_pencarian\system\Database\BaseConnection.php(620): CodeIgniter\Database\BaseConnection->initialize()
#3 D:\xampp\htdocs\Sistem_pencarian\system\Database\BaseBuilder.php(1649): CodeIgniter\Database\BaseConnection->query('SELECT *\nFROM `...', Array, false)
#4 D:\xampp\htdocs\Sistem_pencarian\system\Model.php(286): CodeIgniter\Database\BaseBuilder->get()
#5 D:\xampp\htdocs\Sistem_pencarian\system\BaseModel.php(679): CodeIgniter\Model->doFindAll(0, 0)
#6 D:\xampp\htdocs\Sistem_pencarian\app\Models\SearchModel.php(13): CodeIgniter\BaseModel->findAll()
#7 D:\xampp\htdocs\Sistem_pencarian\app\Controllers\Search.php(16): App\Models\SearchModel->search('elektro')
#8 D:\xampp\htdocs\Sistem_pencarian\system\CodeIgniter.php(933): App\Controllers\Search->result()
#9 D:\xampp\htdocs\Sistem_pencarian\system\CodeIgniter.php(507): CodeIgniter\CodeIgniter->runController(Object(App\Controllers\Search))
#10 D:\xampp\htdocs\Sistem_pencarian\system\CodeIgniter.php(354): CodeIgniter\CodeIgniter->handleRequest(NULL, Object(Config\Cache), false)
#11 D:\xampp\htdocs\Sistem_pencarian\system\Boot.php(334): CodeIgniter\CodeIgniter->run()
#12 D:\xampp\htdocs\Sistem_pencarian\system\Boot.php(67): CodeIgniter\Boot::runCodeIgniter(Object(CodeIgniter\CodeIgniter))
#13 D:\xampp\htdocs\Sistem_pencarian\public\index.php(59): CodeIgniter\Boot::bootWeb(Object(Config\Paths))
#14 D:\xampp\htdocs\Sistem_pencarian\system\rewrite.php(44): require_once('D:\\xampp\\htdocs...')
#15 {main}

Next CodeIgniter\Database\Exceptions\DatabaseException: Access denied for user ''@'localhost' (using password: NO) in D:\xampp\htdocs\Sistem_pencarian\system\Database\MySQLi\Connection.php:246
Stack trace:
#0 D:\xampp\htdocs\Sistem_pencarian\system\Database\BaseConnection.php(421): CodeIgniter\Database\MySQLi\Connection->connect(false)
#1 D:\xampp\htdocs\Sistem_pencarian\system\Database\BaseConnection.php(620): CodeIgniter\Database\BaseConnection->initialize()
#2 D:\xampp\htdocs\Sistem_pencarian\system\Database\BaseBuilder.php(1649): CodeIgniter\Database\BaseConnection->query('SELECT *\nFROM `...', Array, false)
#3 D:\xampp\htdocs\Sistem_pencarian\system\Model.php(286): CodeIgniter\Database\BaseBuilder->get()
#4 D:\xampp\htdocs\Sistem_pencarian\system\BaseModel.php(679): CodeIgniter\Model->doFindAll(0, 0)
#5 D:\xampp\htdocs\Sistem_pencarian\app\Models\SearchModel.php(13): CodeIgniter\BaseModel->findAll()
#6 D:\xampp\htdocs\Sistem_pencarian\app\Controllers\Search.php(16): App\Models\SearchModel->search('elektro')
#7 D:\xampp\htdocs\Sistem_pencarian\system\CodeIgniter.php(933): App\Controllers\Search->result()
#8 D:\xampp\htdocs\Sistem_pencarian\system\CodeIgniter.php(507): CodeIgniter\CodeIgniter->runController(Object(App\Controllers\Search))
#9 D:\xampp\htdocs\Sistem_pencarian\system\CodeIgniter.php(354): CodeIgniter\CodeIgniter->handleRequest(NULL, Object(Config\Cache), false)
#10 D:\xampp\htdocs\Sistem_pencarian\system\Boot.php(334): CodeIgniter\CodeIgniter->run()
#11 D:\xampp\htdocs\Sistem_pencarian\system\Boot.php(67): CodeIgniter\Boot::runCodeIgniter(Object(CodeIgniter\CodeIgniter))
#12 D:\xampp\htdocs\Sistem_pencarian\public\index.php(59): CodeIgniter\Boot::bootWeb(Object(Config\Paths))
#13 D:\xampp\htdocs\Sistem_pencarian\system\rewrite.php(44): require_once('D:\\xampp\\htdocs...')
#14 {main}
CRITICAL - 2025-06-08 07:03:44 --> CodeIgniter\Database\Exceptions\DatabaseException: Unable to connect to the database.
Main connection [MySQLi]: Access denied for user ''@'localhost' (using password: NO)
[Method: POST, Route: search/result]
in SYSTEMPATH\Database\BaseConnection.php on line 467.
 1 SYSTEMPATH\Database\BaseConnection.php(620): CodeIgniter\Database\BaseConnection->initialize()
 2 SYSTEMPATH\Database\BaseBuilder.php(1649): CodeIgniter\Database\BaseConnection->query('SELECT *
FROM `crawler`
WHERE `content` LIKE :content: ESCAPE \'!\'', [...], false)
 3 SYSTEMPATH\Model.php(286): CodeIgniter\Database\BaseBuilder->get()
 4 SYSTEMPATH\BaseModel.php(679): CodeIgniter\Model->doFindAll(0, 0)
 5 APPPATH\Models\SearchModel.php(13): CodeIgniter\BaseModel->findAll()
 6 APPPATH\Controllers\Search.php(16): App\Models\SearchModel->search('elektro')
 7 SYSTEMPATH\CodeIgniter.php(933): App\Controllers\Search->result()
 8 SYSTEMPATH\CodeIgniter.php(507): CodeIgniter\CodeIgniter->runController(Object(App\Controllers\Search))
 9 SYSTEMPATH\CodeIgniter.php(354): CodeIgniter\CodeIgniter->handleRequest(null, Object(Config\Cache), false)
10 SYSTEMPATH\Boot.php(334): CodeIgniter\CodeIgniter->run()
11 SYSTEMPATH\Boot.php(67): CodeIgniter\Boot::runCodeIgniter(Object(CodeIgniter\CodeIgniter))
12 FCPATH\index.php(59): CodeIgniter\Boot::bootWeb(Object(Config\Paths))
13 SYSTEMPATH\rewrite.php(44): require_once('D:\\xampp\\htdocs\\Sistem_pencarian\\public\\index.php')
ERROR - 2025-06-08 07:05:06 --> Error connecting to the database: mysqli_sql_exception: Access denied for user ''@'localhost' (using password: NO) in D:\xampp\htdocs\Sistem_pencarian\system\Database\MySQLi\Connection.php:201
Stack trace:
#0 D:\xampp\htdocs\Sistem_pencarian\system\Database\MySQLi\Connection.php(201): mysqli->real_connect('localhost', '', Object(SensitiveParameterValue), '', 3306, '', 0)
#1 D:\xampp\htdocs\Sistem_pencarian\system\Database\BaseConnection.php(421): CodeIgniter\Database\MySQLi\Connection->connect(false)
#2 D:\xampp\htdocs\Sistem_pencarian\system\Database\BaseConnection.php(620): CodeIgniter\Database\BaseConnection->initialize()
#3 D:\xampp\htdocs\Sistem_pencarian\system\Database\BaseBuilder.php(1649): CodeIgniter\Database\BaseConnection->query('SELECT *\nFROM `...', Array, false)
#4 D:\xampp\htdocs\Sistem_pencarian\system\Model.php(286): CodeIgniter\Database\BaseBuilder->get()
#5 D:\xampp\htdocs\Sistem_pencarian\system\BaseModel.php(679): CodeIgniter\Model->doFindAll(0, 0)
#6 D:\xampp\htdocs\Sistem_pencarian\app\Models\SearchModel.php(13): CodeIgniter\BaseModel->findAll()
#7 D:\xampp\htdocs\Sistem_pencarian\app\Controllers\Search.php(16): App\Models\SearchModel->search('elektro')
#8 D:\xampp\htdocs\Sistem_pencarian\system\CodeIgniter.php(933): App\Controllers\Search->result()
#9 D:\xampp\htdocs\Sistem_pencarian\system\CodeIgniter.php(507): CodeIgniter\CodeIgniter->runController(Object(App\Controllers\Search))
#10 D:\xampp\htdocs\Sistem_pencarian\system\CodeIgniter.php(354): CodeIgniter\CodeIgniter->handleRequest(NULL, Object(Config\Cache), false)
#11 D:\xampp\htdocs\Sistem_pencarian\system\Boot.php(334): CodeIgniter\CodeIgniter->run()
#12 D:\xampp\htdocs\Sistem_pencarian\system\Boot.php(67): CodeIgniter\Boot::runCodeIgniter(Object(CodeIgniter\CodeIgniter))
#13 D:\xampp\htdocs\Sistem_pencarian\public\index.php(59): CodeIgniter\Boot::bootWeb(Object(Config\Paths))
#14 D:\xampp\htdocs\Sistem_pencarian\system\rewrite.php(44): require_once('D:\\xampp\\htdocs...')
#15 {main}

Next CodeIgniter\Database\Exceptions\DatabaseException: Access denied for user ''@'localhost' (using password: NO) in D:\xampp\htdocs\Sistem_pencarian\system\Database\MySQLi\Connection.php:246
Stack trace:
#0 D:\xampp\htdocs\Sistem_pencarian\system\Database\BaseConnection.php(421): CodeIgniter\Database\MySQLi\Connection->connect(false)
#1 D:\xampp\htdocs\Sistem_pencarian\system\Database\BaseConnection.php(620): CodeIgniter\Database\BaseConnection->initialize()
#2 D:\xampp\htdocs\Sistem_pencarian\system\Database\BaseBuilder.php(1649): CodeIgniter\Database\BaseConnection->query('SELECT *\nFROM `...', Array, false)
#3 D:\xampp\htdocs\Sistem_pencarian\system\Model.php(286): CodeIgniter\Database\BaseBuilder->get()
#4 D:\xampp\htdocs\Sistem_pencarian\system\BaseModel.php(679): CodeIgniter\Model->doFindAll(0, 0)
#5 D:\xampp\htdocs\Sistem_pencarian\app\Models\SearchModel.php(13): CodeIgniter\BaseModel->findAll()
#6 D:\xampp\htdocs\Sistem_pencarian\app\Controllers\Search.php(16): App\Models\SearchModel->search('elektro')
#7 D:\xampp\htdocs\Sistem_pencarian\system\CodeIgniter.php(933): App\Controllers\Search->result()
#8 D:\xampp\htdocs\Sistem_pencarian\system\CodeIgniter.php(507): CodeIgniter\CodeIgniter->runController(Object(App\Controllers\Search))
#9 D:\xampp\htdocs\Sistem_pencarian\system\CodeIgniter.php(354): CodeIgniter\CodeIgniter->handleRequest(NULL, Object(Config\Cache), false)
#10 D:\xampp\htdocs\Sistem_pencarian\system\Boot.php(334): CodeIgniter\CodeIgniter->run()
#11 D:\xampp\htdocs\Sistem_pencarian\system\Boot.php(67): CodeIgniter\Boot::runCodeIgniter(Object(CodeIgniter\CodeIgniter))
#12 D:\xampp\htdocs\Sistem_pencarian\public\index.php(59): CodeIgniter\Boot::bootWeb(Object(Config\Paths))
#13 D:\xampp\htdocs\Sistem_pencarian\system\rewrite.php(44): require_once('D:\\xampp\\htdocs...')
#14 {main}
CRITICAL - 2025-06-08 07:05:06 --> CodeIgniter\Database\Exceptions\DatabaseException: Unable to connect to the database.
Main connection [MySQLi]: Access denied for user ''@'localhost' (using password: NO)
[Method: POST, Route: search/result]
in SYSTEMPATH\Database\BaseConnection.php on line 467.
 1 SYSTEMPATH\Database\BaseConnection.php(620): CodeIgniter\Database\BaseConnection->initialize()
 2 SYSTEMPATH\Database\BaseBuilder.php(1649): CodeIgniter\Database\BaseConnection->query('SELECT *
FROM `crawler`
WHERE `content` LIKE :content: ESCAPE \'!\'', [...], false)
 3 SYSTEMPATH\Model.php(286): CodeIgniter\Database\BaseBuilder->get()
 4 SYSTEMPATH\BaseModel.php(679): CodeIgniter\Model->doFindAll(0, 0)
 5 APPPATH\Models\SearchModel.php(13): CodeIgniter\BaseModel->findAll()
 6 APPPATH\Controllers\Search.php(16): App\Models\SearchModel->search('elektro')
 7 SYSTEMPATH\CodeIgniter.php(933): App\Controllers\Search->result()
 8 SYSTEMPATH\CodeIgniter.php(507): CodeIgniter\CodeIgniter->runController(Object(App\Controllers\Search))
 9 SYSTEMPATH\CodeIgniter.php(354): CodeIgniter\CodeIgniter->handleRequest(null, Object(Config\Cache), false)
10 SYSTEMPATH\Boot.php(334): CodeIgniter\CodeIgniter->run()
11 SYSTEMPATH\Boot.php(67): CodeIgniter\Boot::runCodeIgniter(Object(CodeIgniter\CodeIgniter))
12 FCPATH\index.php(59): CodeIgniter\Boot::bootWeb(Object(Config\Paths))
13 SYSTEMPATH\rewrite.php(44): require_once('D:\\xampp\\htdocs\\Sistem_pencarian\\public\\index.php')
ERROR - 2025-06-08 07:08:24 --> Error connecting to the database: mysqli_sql_exception: Access denied for user ''@'localhost' (using password: NO) in D:\xampp\htdocs\Sistem_pencarian\system\Database\MySQLi\Connection.php:201
Stack trace:
#0 D:\xampp\htdocs\Sistem_pencarian\system\Database\MySQLi\Connection.php(201): mysqli->real_connect('localhost', '', Object(SensitiveParameterValue), '', 3306, '', 0)
#1 D:\xampp\htdocs\Sistem_pencarian\system\Database\BaseConnection.php(421): CodeIgniter\Database\MySQLi\Connection->connect(false)
#2 D:\xampp\htdocs\Sistem_pencarian\system\Database\BaseConnection.php(620): CodeIgniter\Database\BaseConnection->initialize()
#3 D:\xampp\htdocs\Sistem_pencarian\system\Database\BaseBuilder.php(1649): CodeIgniter\Database\BaseConnection->query('SELECT *\nFROM `...', Array, false)
#4 D:\xampp\htdocs\Sistem_pencarian\system\Model.php(286): CodeIgniter\Database\BaseBuilder->get()
#5 D:\xampp\htdocs\Sistem_pencarian\system\BaseModel.php(679): CodeIgniter\Model->doFindAll(0, 0)
#6 D:\xampp\htdocs\Sistem_pencarian\app\Models\SearchModel.php(13): CodeIgniter\BaseModel->findAll()
#7 D:\xampp\htdocs\Sistem_pencarian\app\Controllers\Search.php(17): App\Models\SearchModel->search('elektro')
#8 D:\xampp\htdocs\Sistem_pencarian\system\CodeIgniter.php(933): App\Controllers\Search->result()
#9 D:\xampp\htdocs\Sistem_pencarian\system\CodeIgniter.php(507): CodeIgniter\CodeIgniter->runController(Object(App\Controllers\Search))
#10 D:\xampp\htdocs\Sistem_pencarian\system\CodeIgniter.php(354): CodeIgniter\CodeIgniter->handleRequest(NULL, Object(Config\Cache), false)
#11 D:\xampp\htdocs\Sistem_pencarian\system\Boot.php(334): CodeIgniter\CodeIgniter->run()
#12 D:\xampp\htdocs\Sistem_pencarian\system\Boot.php(67): CodeIgniter\Boot::runCodeIgniter(Object(CodeIgniter\CodeIgniter))
#13 D:\xampp\htdocs\Sistem_pencarian\public\index.php(59): CodeIgniter\Boot::bootWeb(Object(Config\Paths))
#14 D:\xampp\htdocs\Sistem_pencarian\system\rewrite.php(44): require_once('D:\\xampp\\htdocs...')
#15 {main}

Next CodeIgniter\Database\Exceptions\DatabaseException: Access denied for user ''@'localhost' (using password: NO) in D:\xampp\htdocs\Sistem_pencarian\system\Database\MySQLi\Connection.php:246
Stack trace:
#0 D:\xampp\htdocs\Sistem_pencarian\system\Database\BaseConnection.php(421): CodeIgniter\Database\MySQLi\Connection->connect(false)
#1 D:\xampp\htdocs\Sistem_pencarian\system\Database\BaseConnection.php(620): CodeIgniter\Database\BaseConnection->initialize()
#2 D:\xampp\htdocs\Sistem_pencarian\system\Database\BaseBuilder.php(1649): CodeIgniter\Database\BaseConnection->query('SELECT *\nFROM `...', Array, false)
#3 D:\xampp\htdocs\Sistem_pencarian\system\Model.php(286): CodeIgniter\Database\BaseBuilder->get()
#4 D:\xampp\htdocs\Sistem_pencarian\system\BaseModel.php(679): CodeIgniter\Model->doFindAll(0, 0)
#5 D:\xampp\htdocs\Sistem_pencarian\app\Models\SearchModel.php(13): CodeIgniter\BaseModel->findAll()
#6 D:\xampp\htdocs\Sistem_pencarian\app\Controllers\Search.php(17): App\Models\SearchModel->search('elektro')
#7 D:\xampp\htdocs\Sistem_pencarian\system\CodeIgniter.php(933): App\Controllers\Search->result()
#8 D:\xampp\htdocs\Sistem_pencarian\system\CodeIgniter.php(507): CodeIgniter\CodeIgniter->runController(Object(App\Controllers\Search))
#9 D:\xampp\htdocs\Sistem_pencarian\system\CodeIgniter.php(354): CodeIgniter\CodeIgniter->handleRequest(NULL, Object(Config\Cache), false)
#10 D:\xampp\htdocs\Sistem_pencarian\system\Boot.php(334): CodeIgniter\CodeIgniter->run()
#11 D:\xampp\htdocs\Sistem_pencarian\system\Boot.php(67): CodeIgniter\Boot::runCodeIgniter(Object(CodeIgniter\CodeIgniter))
#12 D:\xampp\htdocs\Sistem_pencarian\public\index.php(59): CodeIgniter\Boot::bootWeb(Object(Config\Paths))
#13 D:\xampp\htdocs\Sistem_pencarian\system\rewrite.php(44): require_once('D:\\xampp\\htdocs...')
#14 {main}
CRITICAL - 2025-06-08 07:08:24 --> CodeIgniter\Database\Exceptions\DatabaseException: Unable to connect to the database.
Main connection [MySQLi]: Access denied for user ''@'localhost' (using password: NO)
[Method: POST, Route: search/result]
in SYSTEMPATH\Database\BaseConnection.php on line 467.
 1 SYSTEMPATH\Database\BaseConnection.php(620): CodeIgniter\Database\BaseConnection->initialize()
 2 SYSTEMPATH\Database\BaseBuilder.php(1649): CodeIgniter\Database\BaseConnection->query('SELECT *
FROM `crawler`
WHERE `content` LIKE :content: ESCAPE \'!\'', [...], false)
 3 SYSTEMPATH\Model.php(286): CodeIgniter\Database\BaseBuilder->get()
 4 SYSTEMPATH\BaseModel.php(679): CodeIgniter\Model->doFindAll(0, 0)
 5 APPPATH\Models\SearchModel.php(13): CodeIgniter\BaseModel->findAll()
 6 APPPATH\Controllers\Search.php(17): App\Models\SearchModel->search('elektro')
 7 SYSTEMPATH\CodeIgniter.php(933): App\Controllers\Search->result()
 8 SYSTEMPATH\CodeIgniter.php(507): CodeIgniter\CodeIgniter->runController(Object(App\Controllers\Search))
 9 SYSTEMPATH\CodeIgniter.php(354): CodeIgniter\CodeIgniter->handleRequest(null, Object(Config\Cache), false)
10 SYSTEMPATH\Boot.php(334): CodeIgniter\CodeIgniter->run()
11 SYSTEMPATH\Boot.php(67): CodeIgniter\Boot::runCodeIgniter(Object(CodeIgniter\CodeIgniter))
12 FCPATH\index.php(59): CodeIgniter\Boot::bootWeb(Object(Config\Paths))
13 SYSTEMPATH\rewrite.php(44): require_once('D:\\xampp\\htdocs\\Sistem_pencarian\\public\\index.php')
ERROR - 2025-06-08 07:08:28 --> Error connecting to the database: mysqli_sql_exception: Access denied for user ''@'localhost' (using password: NO) in D:\xampp\htdocs\Sistem_pencarian\system\Database\MySQLi\Connection.php:201
Stack trace:
#0 D:\xampp\htdocs\Sistem_pencarian\system\Database\MySQLi\Connection.php(201): mysqli->real_connect('localhost', '', Object(SensitiveParameterValue), '', 3306, '', 0)
#1 D:\xampp\htdocs\Sistem_pencarian\system\Database\BaseConnection.php(421): CodeIgniter\Database\MySQLi\Connection->connect(false)
#2 D:\xampp\htdocs\Sistem_pencarian\system\Database\BaseConnection.php(620): CodeIgniter\Database\BaseConnection->initialize()
#3 D:\xampp\htdocs\Sistem_pencarian\system\Database\BaseBuilder.php(1649): CodeIgniter\Database\BaseConnection->query('SELECT *\nFROM `...', Array, false)
#4 D:\xampp\htdocs\Sistem_pencarian\system\Model.php(286): CodeIgniter\Database\BaseBuilder->get()
#5 D:\xampp\htdocs\Sistem_pencarian\system\BaseModel.php(679): CodeIgniter\Model->doFindAll(0, 0)
#6 D:\xampp\htdocs\Sistem_pencarian\app\Models\SearchModel.php(13): CodeIgniter\BaseModel->findAll()
#7 D:\xampp\htdocs\Sistem_pencarian\app\Controllers\Search.php(17): App\Models\SearchModel->search('elektro')
#8 D:\xampp\htdocs\Sistem_pencarian\system\CodeIgniter.php(933): App\Controllers\Search->result()
#9 D:\xampp\htdocs\Sistem_pencarian\system\CodeIgniter.php(507): CodeIgniter\CodeIgniter->runController(Object(App\Controllers\Search))
#10 D:\xampp\htdocs\Sistem_pencarian\system\CodeIgniter.php(354): CodeIgniter\CodeIgniter->handleRequest(NULL, Object(Config\Cache), false)
#11 D:\xampp\htdocs\Sistem_pencarian\system\Boot.php(334): CodeIgniter\CodeIgniter->run()
#12 D:\xampp\htdocs\Sistem_pencarian\system\Boot.php(67): CodeIgniter\Boot::runCodeIgniter(Object(CodeIgniter\CodeIgniter))
#13 D:\xampp\htdocs\Sistem_pencarian\public\index.php(59): CodeIgniter\Boot::bootWeb(Object(Config\Paths))
#14 D:\xampp\htdocs\Sistem_pencarian\system\rewrite.php(44): require_once('D:\\xampp\\htdocs...')
#15 {main}

Next CodeIgniter\Database\Exceptions\DatabaseException: Access denied for user ''@'localhost' (using password: NO) in D:\xampp\htdocs\Sistem_pencarian\system\Database\MySQLi\Connection.php:246
Stack trace:
#0 D:\xampp\htdocs\Sistem_pencarian\system\Database\BaseConnection.php(421): CodeIgniter\Database\MySQLi\Connection->connect(false)
#1 D:\xampp\htdocs\Sistem_pencarian\system\Database\BaseConnection.php(620): CodeIgniter\Database\BaseConnection->initialize()
#2 D:\xampp\htdocs\Sistem_pencarian\system\Database\BaseBuilder.php(1649): CodeIgniter\Database\BaseConnection->query('SELECT *\nFROM `...', Array, false)
#3 D:\xampp\htdocs\Sistem_pencarian\system\Model.php(286): CodeIgniter\Database\BaseBuilder->get()
#4 D:\xampp\htdocs\Sistem_pencarian\system\BaseModel.php(679): CodeIgniter\Model->doFindAll(0, 0)
#5 D:\xampp\htdocs\Sistem_pencarian\app\Models\SearchModel.php(13): CodeIgniter\BaseModel->findAll()
#6 D:\xampp\htdocs\Sistem_pencarian\app\Controllers\Search.php(17): App\Models\SearchModel->search('elektro')
#7 D:\xampp\htdocs\Sistem_pencarian\system\CodeIgniter.php(933): App\Controllers\Search->result()
#8 D:\xampp\htdocs\Sistem_pencarian\system\CodeIgniter.php(507): CodeIgniter\CodeIgniter->runController(Object(App\Controllers\Search))
#9 D:\xampp\htdocs\Sistem_pencarian\system\CodeIgniter.php(354): CodeIgniter\CodeIgniter->handleRequest(NULL, Object(Config\Cache), false)
#10 D:\xampp\htdocs\Sistem_pencarian\system\Boot.php(334): CodeIgniter\CodeIgniter->run()
#11 D:\xampp\htdocs\Sistem_pencarian\system\Boot.php(67): CodeIgniter\Boot::runCodeIgniter(Object(CodeIgniter\CodeIgniter))
#12 D:\xampp\htdocs\Sistem_pencarian\public\index.php(59): CodeIgniter\Boot::bootWeb(Object(Config\Paths))
#13 D:\xampp\htdocs\Sistem_pencarian\system\rewrite.php(44): require_once('D:\\xampp\\htdocs...')
#14 {main}
CRITICAL - 2025-06-08 07:08:28 --> CodeIgniter\Database\Exceptions\DatabaseException: Unable to connect to the database.
Main connection [MySQLi]: Access denied for user ''@'localhost' (using password: NO)
[Method: POST, Route: search/result]
in SYSTEMPATH\Database\BaseConnection.php on line 467.
 1 SYSTEMPATH\Database\BaseConnection.php(620): CodeIgniter\Database\BaseConnection->initialize()
 2 SYSTEMPATH\Database\BaseBuilder.php(1649): CodeIgniter\Database\BaseConnection->query('SELECT *
FROM `crawler`
WHERE `content` LIKE :content: ESCAPE \'!\'', [...], false)
 3 SYSTEMPATH\Model.php(286): CodeIgniter\Database\BaseBuilder->get()
 4 SYSTEMPATH\BaseModel.php(679): CodeIgniter\Model->doFindAll(0, 0)
 5 APPPATH\Models\SearchModel.php(13): CodeIgniter\BaseModel->findAll()
 6 APPPATH\Controllers\Search.php(17): App\Models\SearchModel->search('elektro')
 7 SYSTEMPATH\CodeIgniter.php(933): App\Controllers\Search->result()
 8 SYSTEMPATH\CodeIgniter.php(507): CodeIgniter\CodeIgniter->runController(Object(App\Controllers\Search))
 9 SYSTEMPATH\CodeIgniter.php(354): CodeIgniter\CodeIgniter->handleRequest(null, Object(Config\Cache), false)
10 SYSTEMPATH\Boot.php(334): CodeIgniter\CodeIgniter->run()
11 SYSTEMPATH\Boot.php(67): CodeIgniter\Boot::runCodeIgniter(Object(CodeIgniter\CodeIgniter))
12 FCPATH\index.php(59): CodeIgniter\Boot::bootWeb(Object(Config\Paths))
13 SYSTEMPATH\rewrite.php(44): require_once('D:\\xampp\\htdocs\\Sistem_pencarian\\public\\index.php')
ERROR - 2025-06-08 07:10:15 --> Error connecting to the database: mysqli_sql_exception: Access denied for user ''@'localhost' (using password: NO) in D:\xampp\htdocs\Sistem_pencarian\system\Database\MySQLi\Connection.php:201
Stack trace:
#0 D:\xampp\htdocs\Sistem_pencarian\system\Database\MySQLi\Connection.php(201): mysqli->real_connect('localhost', '', Object(SensitiveParameterValue), '', 3306, '', 0)
#1 D:\xampp\htdocs\Sistem_pencarian\system\Database\BaseConnection.php(421): CodeIgniter\Database\MySQLi\Connection->connect(false)
#2 D:\xampp\htdocs\Sistem_pencarian\system\Database\BaseConnection.php(620): CodeIgniter\Database\BaseConnection->initialize()
#3 D:\xampp\htdocs\Sistem_pencarian\system\Database\BaseBuilder.php(1649): CodeIgniter\Database\BaseConnection->query('SELECT *\nFROM `...', Array, false)
#4 D:\xampp\htdocs\Sistem_pencarian\system\Model.php(286): CodeIgniter\Database\BaseBuilder->get()
#5 D:\xampp\htdocs\Sistem_pencarian\system\BaseModel.php(679): CodeIgniter\Model->doFindAll(0, 0)
#6 D:\xampp\htdocs\Sistem_pencarian\app\Models\SearchModel.php(13): CodeIgniter\BaseModel->findAll()
#7 D:\xampp\htdocs\Sistem_pencarian\app\Controllers\Search.php(18): App\Models\SearchModel->search('elektro')
#8 D:\xampp\htdocs\Sistem_pencarian\system\CodeIgniter.php(933): App\Controllers\Search->result()
#9 D:\xampp\htdocs\Sistem_pencarian\system\CodeIgniter.php(507): CodeIgniter\CodeIgniter->runController(Object(App\Controllers\Search))
#10 D:\xampp\htdocs\Sistem_pencarian\system\CodeIgniter.php(354): CodeIgniter\CodeIgniter->handleRequest(NULL, Object(Config\Cache), false)
#11 D:\xampp\htdocs\Sistem_pencarian\system\Boot.php(334): CodeIgniter\CodeIgniter->run()
#12 D:\xampp\htdocs\Sistem_pencarian\system\Boot.php(67): CodeIgniter\Boot::runCodeIgniter(Object(CodeIgniter\CodeIgniter))
#13 D:\xampp\htdocs\Sistem_pencarian\public\index.php(59): CodeIgniter\Boot::bootWeb(Object(Config\Paths))
#14 D:\xampp\htdocs\Sistem_pencarian\system\rewrite.php(44): require_once('D:\\xampp\\htdocs...')
#15 {main}

Next CodeIgniter\Database\Exceptions\DatabaseException: Access denied for user ''@'localhost' (using password: NO) in D:\xampp\htdocs\Sistem_pencarian\system\Database\MySQLi\Connection.php:246
Stack trace:
#0 D:\xampp\htdocs\Sistem_pencarian\system\Database\BaseConnection.php(421): CodeIgniter\Database\MySQLi\Connection->connect(false)
#1 D:\xampp\htdocs\Sistem_pencarian\system\Database\BaseConnection.php(620): CodeIgniter\Database\BaseConnection->initialize()
#2 D:\xampp\htdocs\Sistem_pencarian\system\Database\BaseBuilder.php(1649): CodeIgniter\Database\BaseConnection->query('SELECT *\nFROM `...', Array, false)
#3 D:\xampp\htdocs\Sistem_pencarian\system\Model.php(286): CodeIgniter\Database\BaseBuilder->get()
#4 D:\xampp\htdocs\Sistem_pencarian\system\BaseModel.php(679): CodeIgniter\Model->doFindAll(0, 0)
#5 D:\xampp\htdocs\Sistem_pencarian\app\Models\SearchModel.php(13): CodeIgniter\BaseModel->findAll()
#6 D:\xampp\htdocs\Sistem_pencarian\app\Controllers\Search.php(18): App\Models\SearchModel->search('elektro')
#7 D:\xampp\htdocs\Sistem_pencarian\system\CodeIgniter.php(933): App\Controllers\Search->result()
#8 D:\xampp\htdocs\Sistem_pencarian\system\CodeIgniter.php(507): CodeIgniter\CodeIgniter->runController(Object(App\Controllers\Search))
#9 D:\xampp\htdocs\Sistem_pencarian\system\CodeIgniter.php(354): CodeIgniter\CodeIgniter->handleRequest(NULL, Object(Config\Cache), false)
#10 D:\xampp\htdocs\Sistem_pencarian\system\Boot.php(334): CodeIgniter\CodeIgniter->run()
#11 D:\xampp\htdocs\Sistem_pencarian\system\Boot.php(67): CodeIgniter\Boot::runCodeIgniter(Object(CodeIgniter\CodeIgniter))
#12 D:\xampp\htdocs\Sistem_pencarian\public\index.php(59): CodeIgniter\Boot::bootWeb(Object(Config\Paths))
#13 D:\xampp\htdocs\Sistem_pencarian\system\rewrite.php(44): require_once('D:\\xampp\\htdocs...')
#14 {main}
CRITICAL - 2025-06-08 07:10:15 --> CodeIgniter\Database\Exceptions\DatabaseException: Unable to connect to the database.
Main connection [MySQLi]: Access denied for user ''@'localhost' (using password: NO)
[Method: POST, Route: search/result]
in SYSTEMPATH\Database\BaseConnection.php on line 467.
 1 SYSTEMPATH\Database\BaseConnection.php(620): CodeIgniter\Database\BaseConnection->initialize()
 2 SYSTEMPATH\Database\BaseBuilder.php(1649): CodeIgniter\Database\BaseConnection->query('SELECT *
FROM `crawler`
WHERE `content` LIKE :content: ESCAPE \'!\'', [...], false)
 3 SYSTEMPATH\Model.php(286): CodeIgniter\Database\BaseBuilder->get()
 4 SYSTEMPATH\BaseModel.php(679): CodeIgniter\Model->doFindAll(0, 0)
 5 APPPATH\Models\SearchModel.php(13): CodeIgniter\BaseModel->findAll()
 6 APPPATH\Controllers\Search.php(18): App\Models\SearchModel->search('elektro')
 7 SYSTEMPATH\CodeIgniter.php(933): App\Controllers\Search->result()
 8 SYSTEMPATH\CodeIgniter.php(507): CodeIgniter\CodeIgniter->runController(Object(App\Controllers\Search))
 9 SYSTEMPATH\CodeIgniter.php(354): CodeIgniter\CodeIgniter->handleRequest(null, Object(Config\Cache), false)
10 SYSTEMPATH\Boot.php(334): CodeIgniter\CodeIgniter->run()
11 SYSTEMPATH\Boot.php(67): CodeIgniter\Boot::runCodeIgniter(Object(CodeIgniter\CodeIgniter))
12 FCPATH\index.php(59): CodeIgniter\Boot::bootWeb(Object(Config\Paths))
13 SYSTEMPATH\rewrite.php(44): require_once('D:\\xampp\\htdocs\\Sistem_pencarian\\public\\index.php')
